<?xml version="1.0" encoding="UTF-8"?>
<testng-results ignored="0" total="1" passed="1" failed="0" skipped="0">
  <reporter-output>
  </reporter-output>
  <suite started-at="2024-08-31T17:01:17 IST" name="Default suite" finished-at="2024-08-31T17:01:23 IST" duration-ms="5874">
    <groups>
    </groups>
    <test started-at="2024-08-31T17:01:17 IST" name="Default test" finished-at="2024-08-31T17:01:23 IST" duration-ms="5874">
      <class name="com.qa.rest.tests.PostAPIRequest">
        <test-method is-config="true" signature="beforeMethod()[pri:0, instance:com.qa.rest.tests.PostAPIRequest@10e92f8f]" started-at="2024-08-31T17:01:17 IST" name="beforeMethod" finished-at="2024-08-31T17:01:18 IST" duration-ms="264" status="PASS">
          <reporter-output>
          </reporter-output>
        </test-method> <!-- beforeMethod -->
        <test-method signature="createBooking()[pri:0, instance:com.qa.rest.tests.PostAPIRequest@10e92f8f]" started-at="2024-08-31T17:01:18 IST" name="createBooking" finished-at="2024-08-31T17:01:23 IST" duration-ms="5584" status="PASS">
          <reporter-output>
          </reporter-output>
        </test-method> <!-- createBooking -->
      </class> <!-- com.qa.rest.tests.PostAPIRequest -->
    </test> <!-- Default test -->
  </suite> <!-- Default suite -->
</testng-results>
