<?xml version="1.0" encoding="UTF-8"?>
<!-- Generated by org.testng.reporters.JUnitXMLReporter -->
<testsuite ignored="0" hostname="Mayankas-MacBook-Air.local" failures="0" tests="3" name="Default test" time="85.632" errors="0" timestamp="2024-06-11T09:26:01 IST">
  <testcase classname="UdemyAutomation.StandAloneTestForBaseTest" name="purchaseCloth" time="20.959"/>
  <testcase classname="UdemyAutomation.StandAloneTestForBaseTest" name="purchaseCloth" time="22.199"/>
  <testcase classname="UdemyAutomation.StandAloneTestForBaseTest" name="validateOrderHistory" time="9.232"/>
</testsuite> <!-- Default test -->
