<?xml version="1.0" encoding="UTF-8"?>
<!-- Generated by org.testng.reporters.JUnitXMLReporter -->
<testsuite ignored="1" hostname="Mayankas-MacBook-Air.local" failures="0" tests="2" name="Purchase Product" time="67.398" errors="0" timestamp="2024-06-24T10:38:46 IST">
  <testcase classname="com.qa.test.StandAloneTestForBaseTest" name="purchaseCloth" time="20.369"/>
  <testcase classname="com.qa.test.StandAloneTestForBaseTest" name="purchaseCloth" time="22.095"/>
  <testcase classname="com.qa.test.StandAloneTestForBaseTest" name="validateOrderHistory" time="0.0">
    <ignored/>
  </testcase> <!-- validateOrderHistory -->
</testsuite> <!-- Purchase Product -->
