<?xml version="1.0" encoding="UTF-8"?>
<!-- Generated by org.testng.reporters.JUnitXMLReporter -->
<testsuite ignored="0" hostname="Mayankas-MacBook-Air.local" failures="0" tests="3" name="CarLoan" time="0.036" errors="0" timestamp="2024-05-26T14:07:15 IST">
  <testcase classname="com.qa.TestNG.Class2nd" name="carLoanAPIPage" time="0.002"/>
  <testcase classname="com.qa.TestNG.Class2nd" name="carLoanMobilePage" time="0.002"/>
  <testcase classname="com.qa.TestNG.Class2nd" name="carLoanWebPage" time="0.005"/>
</testsuite> <!-- CarLoan -->
