<?xml version="1.0" encoding="UTF-8"?>
<!-- Generated by org.testng.reporters.JUnitXMLReporter -->
<testsuite ignored="0" hostname="Mayankas-MacBook-Air.local" failures="0" tests="13" name="Test" time="0.201" errors="0" timestamp="2024-05-26T23:43:29 IST">
  <testcase classname="com.qa.TestNG.Class2nd" name="carLoanAPIPage" time="0.008"/>
  <testcase classname="com.qa.TestNG.Class1st" name="firstMethod" time="0.017"/>
  <testcase classname="com.qa.TestNG.Class1st" name="secondMethod" time="0.006"/>
  <testcase classname="com.qa.TestNG.Class3rd" name="excludehomeLoanAPIPage" time="0.006"/>
  <testcase classname="com.qa.TestNG.Class2nd" name="carLoanMobilePage" time="0.004"/>
  <testcase classname="com.qa.TestNG.Class3rd" name="excludehomeLoanMobilePage" time="0.006"/>
  <testcase classname="com.qa.TestNG.Class3rd" name="excludehomeLoanWebage" time="0.009"/>
  <testcase classname="com.qa.TestNG.Class2nd" name="carLoanWebPage" time="0.009"/>
  <testcase classname="com.qa.TestNG.Class3rd" name="homeLoanAPIPage" time="0.0"/>
  <testcase classname="com.qa.TestNG.Class3rd" name="homeLoanMobilePage" time="0.008"/>
  <testcase classname="com.qa.TestNG.Class3rd" name="homeLoanWebPage" time="0.003"/>
  <testcase classname="com.qa.TestNG.Class4th" name="firstMethod" time="0.027"/>
  <testcase classname="com.qa.TestNG.Class4th" name="secondMethod" time="0.002"/>
</testsuite> <!-- Test -->
