<?xml version="1.0" encoding="UTF-8"?>
<!-- Generated by org.testng.reporters.JUnitXMLReporter -->
<testsuite ignored="0" hostname="Mayankas-MacBook-Air.local" failures="1" tests="2" name="Error Validation" time="95.319" errors="0" timestamp="2024-06-22T16:57:51 IST">
  <testcase classname="com.qa.test.StandAloneForErrorValidationsTest" name="purchaseClothErrorValidation" time="5.191">
    <skipped/>
  </testcase> <!-- purchaseClothErrorValidation -->
  <testcase classname="com.qa.test.StandAloneForErrorValidationsTest" name="purchaseClothErrorValidation" time="4.878">
    <failure type="java.lang.AssertionError" message="expected [Incorrect email or password.] but found [Incorrect email orr password.]">
      <![CDATA[java.lang.AssertionError: expected [Incorrect email or password.] but found [Incorrect email orr password.]
at com.qa.test.StandAloneForErrorValidationsTest.purchaseClothErrorValidation(StandAloneForErrorValidationsTest.java:23)
at java.base/java.util.ArrayList.forEach(ArrayList.java:1596)
at java.base/java.util.concurrent.FutureTask.run(FutureTask.java:317)
at java.base/java.util.concurrent.ThreadPoolExecutor.runWorker(ThreadPoolExecutor.java:1144)
at java.base/java.util.concurrent.ThreadPoolExecutor$Worker.run(ThreadPoolExecutor.java:642)
at java.base/java.lang.Thread.run(Thread.java:1583)
... Removed 21 stack frames]]>
    </failure>
  </testcase> <!-- purchaseClothErrorValidation -->
</testsuite> <!-- Error Validation -->
