<?xml version="1.0" encoding="UTF-8"?>
<!-- Generated by org.testng.reporters.JUnitXMLReporter -->
<testsuite ignored="0" hostname="Mayankas-MacBook-Air.local" failures="0" tests="3" name="Purchase Product" time="159.337" errors="0" timestamp="2024-06-22T16:58:54 IST">
  <testcase classname="com.qa.test.StandAloneTestForBaseTest" name="purchaseCloth" time="31.589"/>
  <testcase classname="com.qa.test.StandAloneTestForBaseTest" name="purchaseCloth" time="25.399"/>
  <testcase classname="com.qa.test.StandAloneTestForBaseTest" name="validateOrderHistory" time="9.367"/>
</testsuite> <!-- Purchase Product -->
