<?xml version="1.0" encoding="UTF-8"?>
<testng-results ignored="0" total="2" passed="2" failed="0" skipped="0">
  <reporter-output>
  </reporter-output>
  <suite started-at="2024-06-24T10:37:39 IST" name="Suite" finished-at="2024-06-24T10:38:46 IST" duration-ms="67398">
    <groups>
      <group name="Sanity">
        <method signature="StandAloneTestForBaseTest.purchaseCloth(java.util.HashMap)[pri:0, instance:com.qa.test.StandAloneTestForBaseTest@5bf0d49]" name="purchaseCloth" class="com.qa.test.StandAloneTestForBaseTest"/>
      </group> <!-- Sanity -->
      <group name="Purchase">
        <method signature="StandAloneTestForBaseTest.purchaseCloth(java.util.HashMap)[pri:0, instance:com.qa.test.StandAloneTestForBaseTest@5bf0d49]" name="purchaseCloth" class="com.qa.test.StandAloneTestForBaseTest"/>
      </group> <!-- Purchase -->
    </groups>
    <test started-at="2024-06-24T10:37:39 IST" name="Error Validation" finished-at="2024-06-24T10:37:39 IST" duration-ms="5">
    </test> <!-- Error Validation -->
    <test started-at="2024-06-24T10:37:39 IST" name="Purchase Product" finished-at="2024-06-24T10:38:46 IST" duration-ms="67398">
      <class name="com.qa.test.StandAloneTestForBaseTest">
        <test-method is-config="true" signature="launchApplication()[pri:0, instance:com.qa.test.StandAloneTestForBaseTest@5bf0d49]" started-at="2024-06-24T10:37:39 IST" name="launchApplication" finished-at="2024-06-24T10:37:52 IST" duration-ms="13115" status="PASS">
          <reporter-output>
          </reporter-output>
        </test-method> <!-- launchApplication -->
        <test-method signature="purchaseCloth(java.util.HashMap)[pri:0, instance:com.qa.test.StandAloneTestForBaseTest@5bf0d49]" started-at="2024-06-24T10:37:52 IST" name="purchaseCloth" data-provider="getData" finished-at="2024-06-24T10:38:12 IST" duration-ms="20369" status="PASS">
          <params>
            <param index="0">
              <value>
                <![CDATA[{password=Quality44%, email=maya@gmail.com, productName=ZARA COAT 3}]]>
              </value>
            </param>
          </params>
          <reporter-output>
          </reporter-output>
        </test-method> <!-- purchaseCloth -->
        <test-method is-config="true" signature="tearDown()[pri:0, instance:com.qa.test.StandAloneTestForBaseTest@5bf0d49]" started-at="2024-06-24T10:38:12 IST" name="tearDown" finished-at="2024-06-24T10:38:13 IST" duration-ms="294" status="PASS">
          <reporter-output>
          </reporter-output>
        </test-method> <!-- tearDown -->
        <test-method is-config="true" signature="launchApplication()[pri:0, instance:com.qa.test.StandAloneTestForBaseTest@5bf0d49]" started-at="2024-06-24T10:38:13 IST" name="launchApplication" finished-at="2024-06-24T10:38:24 IST" duration-ms="11175" status="PASS">
          <reporter-output>
          </reporter-output>
        </test-method> <!-- launchApplication -->
        <test-method signature="purchaseCloth(java.util.HashMap)[pri:0, instance:com.qa.test.StandAloneTestForBaseTest@5bf0d49]" started-at="2024-06-24T10:38:24 IST" name="purchaseCloth" data-provider="getData" finished-at="2024-06-24T10:38:46 IST" duration-ms="22095" status="PASS">
          <params>
            <param index="0">
              <value>
                <![CDATA[{password=Quality44%, email=sao@gmail.com, productName=ADIDAS ORIGINAL}]]>
              </value>
            </param>
          </params>
          <reporter-output>
          </reporter-output>
        </test-method> <!-- purchaseCloth -->
        <test-method is-config="true" signature="tearDown()[pri:0, instance:com.qa.test.StandAloneTestForBaseTest@5bf0d49]" started-at="2024-06-24T10:38:46 IST" name="tearDown" finished-at="2024-06-24T10:38:46 IST" duration-ms="223" status="PASS">
          <reporter-output>
          </reporter-output>
        </test-method> <!-- tearDown -->
      </class> <!-- com.qa.test.StandAloneTestForBaseTest -->
    </test> <!-- Purchase Product -->
  </suite> <!-- Suite -->
</testng-results>
