<?xml version="1.0" encoding="UTF-8"?>
<!-- Generated by org.testng.reporters.JUnitXMLReporter -->
<testsuite ignored="5" hostname="Mayankas-MacBook-Air.local" failures="0" tests="1" name="HomeLoan" time="0.011" errors="0" timestamp="2024-05-26T14:07:15 IST">
  <testcase classname="com.qa.TestNG.Class3rd" name="homeLoanAPIPage" time="0.003"/>
  <testcase classname="com.qa.TestNG.Class3rd" name="homeLoanWebPage" time="0.0">
    <ignored/>
  </testcase> <!-- homeLoanWebPage -->
  <testcase classname="com.qa.TestNG.Class3rd" name="excludehomeLoanAPIPage" time="0.0">
    <ignored/>
  </testcase> <!-- excludehomeLoanAPIPage -->
  <testcase classname="com.qa.TestNG.Class3rd" name="excludehomeLoanWebage" time="0.0">
    <ignored/>
  </testcase> <!-- excludehomeLoanWebage -->
  <testcase classname="com.qa.TestNG.Class3rd" name="homeLoanMobilePage" time="0.0">
    <ignored/>
  </testcase> <!-- homeLoanMobilePage -->
  <testcase classname="com.qa.TestNG.Class3rd" name="excludehomeLoanMobilePage" time="0.0">
    <ignored/>
  </testcase> <!-- excludehomeLoanMobilePage -->
</testsuite> <!-- HomeLoan -->
