<?xml version="1.0" encoding="UTF-8"?>
<testng-results ignored="0" total="0" passed="0" failed="0" skipped="0">
  <reporter-output>
  </reporter-output>
  <suite started-at="2024-06-21T21:38:51 IST" name="Suite" finished-at="2024-06-21T21:38:51 IST" duration-ms="0">
    <groups>
      <group name="Purchase">
        <method signature="StandAloneTestForBaseTest.purchaseCloth(java.util.HashMap)[pri:0, instance:com.qa.test.StandAloneTestForBaseTest@448c8166]" name="purchaseCloth" class="com.qa.test.StandAloneTestForBaseTest"/>
      </group> <!-- Purchase -->
      <group name="Sanity">
        <method signature="Class2nd.carLoanAPIPage()[pri:0, instance:com.qa.TestNG.Class2nd@74287ea3]" name="carLoanAPIPage" class="com.qa.TestNG.Class2nd"/>
        <method signature="Class2nd.carLoanMobilePage()[pri:0, instance:com.qa.TestNG.Class2nd@74287ea3]" name="carLoanMobilePage" class="com.qa.TestNG.Class2nd"/>
        <method signature="Class3rd.homeLoanWebPage()[pri:0, instance:com.qa.TestNG.Class3rd@376a0d86]" name="homeLoanWebPage" class="com.qa.TestNG.Class3rd"/>
        <method signature="StandAloneTestForBaseTest.purchaseCloth(java.util.HashMap)[pri:0, instance:com.qa.test.StandAloneTestForBaseTest@448c8166]" name="purchaseCloth" class="com.qa.test.StandAloneTestForBaseTest"/>
        <method signature="Class2nd.carLoanAPIPage()[pri:0, instance:com.qa.TestNG.Class2nd@1890516e]" name="carLoanAPIPage" class="com.qa.TestNG.Class2nd"/>
        <method signature="Class2nd.carLoanMobilePage()[pri:0, instance:com.qa.TestNG.Class2nd@1890516e]" name="carLoanMobilePage" class="com.qa.TestNG.Class2nd"/>
        <method signature="Class3rd.homeLoanWebPage()[pri:0, instance:com.qa.TestNG.Class3rd@16c069df]" name="homeLoanWebPage" class="com.qa.TestNG.Class3rd"/>
      </group> <!-- Sanity -->
      <group name="ErrorValidation">
        <method signature="StandAloneForErrorValidationsTest.purchaseClothErrorValidation()[pri:0, instance:com.qa.test.StandAloneForErrorValidationsTest@7ba8c737]" name="purchaseClothErrorValidation" class="com.qa.test.StandAloneForErrorValidationsTest"/>
      </group> <!-- ErrorValidation -->
    </groups>
  </suite> <!-- Suite -->
</testng-results>
